TN:
SF:index.js
FNF:0
FNH:0
DA:1,4
DA:2,4
DA:3,4
DA:4,4
DA:5,4
DA:6,4
DA:7,4
DA:9,4
DA:10,4
DA:12,4
DA:14,4
DA:15,4
DA:16,4
DA:17,4
DA:19,4
LF:15
LH:15
BRF:0
BRH:0
end_of_record
TN:
SF:mongo-connection.js
FN:6,(anonymous_0)
FNF:1
FNH:1
FNDA:4,(anonymous_0)
DA:1,4
DA:2,4
DA:4,4
DA:5,4
DA:6,4
LF:5
LH:5
BRF:0
BRH:0
end_of_record
TN:
SF:lib/print-booking-history.js
FN:3,printBooking
FN:7,printBookingHistory
FNF:2
FNH:2
FNDA:1,printBooking
FNDA:1,printBookingHistory
DA:1,1
DA:4,1
DA:9,1
DA:10,0
DA:13,1
DA:18,1
LF:6
LH:5
BRDA:9,0,0,0
BRDA:9,0,1,1
BRDA:9,1,0,1
BRDA:9,1,1,1
BRDA:9,1,2,1
BRF:5
BRH:4
end_of_record
TN:
SF:models/booking.js
FNF:0
FNH:0
DA:1,4
DA:3,4
DA:18,4
DA:20,4
LF:4
LH:4
BRF:0
BRH:0
end_of_record
TN:
SF:models/driver.js
FNF:0
FNH:0
DA:1,4
DA:3,4
DA:9,4
LF:3
LH:3
BRF:0
BRH:0
end_of_record
TN:
SF:models/passenger.js
FNF:0
FNH:0
DA:1,5
DA:3,5
DA:13,5
DA:15,5
LF:4
LH:4
BRF:0
BRH:0
end_of_record
TN:
SF:routes/bookings.js
FN:7,(anonymous_0)
FN:17,(anonymous_1)
FNF:2
FNH:2
FNDA:1,(anonymous_0)
FNDA:1,(anonymous_1)
DA:2,4
DA:4,4
DA:7,4
DA:8,1
DA:9,1
DA:10,1
DA:17,4
DA:18,1
DA:19,1
DA:20,1
DA:24,4
LF:11
LH:11
BRF:0
BRH:0
end_of_record
TN:
SF:routes/drivers.js
FN:5,(anonymous_0)
FN:11,(anonymous_1)
FN:17,(anonymous_2)
FN:23,(anonymous_3)
FN:29,(anonymous_4)
FN:37,(anonymous_5)
FNF:6
FNH:6
FNDA:1,(anonymous_0)
FNDA:2,(anonymous_1)
FNDA:1,(anonymous_2)
FNDA:1,(anonymous_3)
FNDA:1,(anonymous_4)
FNDA:1,(anonymous_5)
DA:1,4
DA:3,4
DA:5,4
DA:6,1
DA:8,1
DA:11,4
DA:12,2
DA:14,2
DA:17,4
DA:18,1
DA:20,1
DA:23,4
DA:24,1
DA:26,1
DA:29,4
DA:30,1
DA:31,1
DA:32,1
DA:37,4
DA:38,1
DA:39,1
DA:41,1
DA:42,1
DA:46,4
LF:24
LH:24
BRDA:31,0,0,0
BRDA:31,0,1,1
BRF:2
BRH:1
end_of_record
TN:
SF:routes/index.js
FN:3,(anonymous_0)
FNF:1
FNH:0
FNDA:0,(anonymous_0)
DA:1,4
DA:3,4
DA:4,0
DA:7,4
LF:4
LH:3
BRF:0
BRH:0
end_of_record
TN:
SF:routes/passengers.js
FN:5,(anonymous_0)
FN:11,(anonymous_1)
FN:20,(anonymous_2)
FN:26,(anonymous_3)
FN:33,(anonymous_4)
FN:42,(anonymous_5)
FNF:6
FNH:6
FNDA:1,(anonymous_0)
FNDA:2,(anonymous_1)
FNDA:1,(anonymous_2)
FNDA:1,(anonymous_3)
FNDA:1,(anonymous_4)
FNDA:1,(anonymous_5)
DA:1,4
DA:3,4
DA:5,4
DA:6,1
DA:8,1
DA:11,4
DA:12,2
DA:13,2
DA:14,2
DA:16,0
DA:20,4
DA:21,1
DA:23,1
DA:26,4
DA:27,1
DA:29,1
DA:30,1
DA:33,4
DA:34,1
DA:35,1
DA:37,1
DA:39,1
DA:42,4
DA:43,1
DA:44,1
DA:47,1
DA:48,1
DA:51,1
DA:57,4
LF:29
LH:28
BRDA:29,0,0,0
BRDA:29,0,1,1
BRF:2
BRH:1
end_of_record
TN:
SF:services/base-service.js
FN:2,(anonymous_0)
FN:6,(anonymous_1)
FN:10,(anonymous_2)
FN:14,(anonymous_3)
FN:18,(anonymous_4)
FN:22,(anonymous_5)
FN:26,(anonymous_6)
FN:30,(anonymous_7)
FN:34,(anonymous_8)
FNF:9
FNH:7
FNDA:12,(anonymous_0)
FNDA:0,(anonymous_1)
FNDA:3,(anonymous_2)
FNDA:5,(anonymous_3)
FNDA:2,(anonymous_4)
FNDA:2,(anonymous_5)
FNDA:5,(anonymous_6)
FNDA:2,(anonymous_7)
FNDA:0,(anonymous_8)
DA:3,12
DA:7,0
DA:11,3
DA:15,5
DA:19,2
DA:23,2
DA:27,5
DA:31,2
DA:35,0
DA:39,4
LF:10
LH:8
BRF:0
BRH:0
end_of_record
TN:
SF:services/booking-service.js
FN:7,(anonymous_0)
FN:11,(anonymous_1)
FN:15,(anonymous_2)
FNF:3
FNH:1
FNDA:0,(anonymous_0)
FNDA:0,(anonymous_1)
FNDA:1,(anonymous_2)
DA:1,4
DA:2,4
DA:3,4
DA:4,4
DA:8,0
DA:12,0
DA:16,1
DA:17,1
DA:19,1
DA:20,1
DA:22,1
DA:24,1
DA:28,4
LF:13
LH:11
BRF:0
BRH:0
end_of_record
TN:
SF:services/driver-service.js
FN:5,(anonymous_0)
FN:9,(anonymous_1)
FN:13,(anonymous_2)
FNF:3
FNH:1
FNDA:0,(anonymous_0)
FNDA:0,(anonymous_1)
FNDA:1,(anonymous_2)
DA:1,4
DA:2,4
DA:6,0
DA:10,0
DA:14,1
DA:23,4
LF:6
LH:4
BRF:0
BRH:0
end_of_record
TN:
SF:services/index.js
FNF:0
FNH:0
DA:1,4
DA:2,4
DA:3,4
DA:5,4
LF:4
LH:4
BRF:0
BRH:0
end_of_record
TN:
SF:services/passenger-service.js
FN:5,(anonymous_0)
FNF:1
FNH:0
FNDA:0,(anonymous_0)
DA:1,4
DA:2,4
DA:6,0
DA:10,4
LF:4
LH:3
BRF:0
BRH:0
end_of_record
