TN:
SF:index.js
FNF:0
FNH:0
DA:1,2
DA:2,2
DA:3,2
DA:4,2
DA:5,2
DA:6,2
DA:7,2
DA:9,2
DA:10,2
DA:12,2
DA:14,2
DA:15,2
DA:16,2
DA:17,2
DA:19,2
LF:15
LH:15
BRF:0
BRH:0
end_of_record
TN:
SF:mongo-connection.js
FN:6,(anonymous_0)
FNF:1
FNH:1
FNDA:1,(anonymous_0)
DA:1,2
DA:2,2
DA:4,2
DA:5,2
DA:6,2
LF:5
LH:5
BRF:0
BRH:0
end_of_record
TN:
SF:lib/print-booking-history.js
FN:3,printBooking
FN:7,printBookingHistory
FNF:2
FNH:2
FNDA:1,printBooking
FNDA:1,printBookingHistory
DA:1,1
DA:4,1
DA:9,1
DA:10,0
DA:13,1
DA:18,1
LF:6
LH:5
BRDA:9,0,0,0
BRDA:9,0,1,1
BRDA:9,1,0,1
BRDA:9,1,1,1
BRDA:9,1,2,1
BRF:5
BRH:4
end_of_record
TN:
SF:models/booking.js
FNF:0
FNH:0
DA:1,2
DA:3,2
DA:18,2
DA:20,2
LF:4
LH:4
BRF:0
BRH:0
end_of_record
TN:
SF:models/driver.js
FNF:0
FNH:0
DA:1,2
DA:3,2
DA:9,2
LF:3
LH:3
BRF:0
BRH:0
end_of_record
TN:
SF:models/passenger.js
FNF:0
FNH:0
DA:1,3
DA:3,3
DA:13,3
DA:15,3
LF:4
LH:4
BRF:0
BRH:0
end_of_record
TN:
SF:routes/bookings.js
FN:6,(anonymous_0)
FN:15,(anonymous_1)
FNF:2
FNH:0
FNDA:0,(anonymous_0)
FNDA:0,(anonymous_1)
DA:2,2
DA:4,2
DA:6,2
DA:7,0
DA:8,0
DA:15,2
DA:16,0
DA:17,0
DA:18,0
DA:22,2
LF:10
LH:5
BRF:0
BRH:0
end_of_record
TN:
SF:routes/drivers.js
FN:5,(anonymous_0)
FN:11,(anonymous_1)
FN:17,(anonymous_2)
FN:23,(anonymous_3)
FN:29,(anonymous_4)
FN:35,(anonymous_5)
FNF:6
FNH:1
FNDA:0,(anonymous_0)
FNDA:1,(anonymous_1)
FNDA:0,(anonymous_2)
FNDA:0,(anonymous_3)
FNDA:0,(anonymous_4)
FNDA:0,(anonymous_5)
DA:1,2
DA:3,2
DA:5,2
DA:6,0
DA:8,0
DA:11,2
DA:12,1
DA:14,1
DA:17,2
DA:18,0
DA:20,0
DA:23,2
DA:24,0
DA:26,0
DA:29,2
DA:30,0
DA:31,0
DA:32,0
DA:35,2
DA:36,0
DA:37,0
DA:39,0
DA:42,2
LF:23
LH:11
BRDA:31,0,0,0
BRDA:31,0,1,0
BRF:2
BRH:0
end_of_record
TN:
SF:routes/index.js
FN:3,(anonymous_0)
FNF:1
FNH:0
FNDA:0,(anonymous_0)
DA:1,2
DA:3,2
DA:4,0
DA:7,2
LF:4
LH:3
BRF:0
BRH:0
end_of_record
TN:
SF:routes/passengers.js
FN:5,(anonymous_0)
FN:11,(anonymous_1)
FN:20,(anonymous_2)
FN:26,(anonymous_3)
FN:33,(anonymous_4)
FN:42,(anonymous_5)
FNF:6
FNH:2
FNDA:0,(anonymous_0)
FNDA:1,(anonymous_1)
FNDA:0,(anonymous_2)
FNDA:0,(anonymous_3)
FNDA:1,(anonymous_4)
FNDA:0,(anonymous_5)
DA:1,2
DA:3,2
DA:5,2
DA:6,0
DA:8,0
DA:11,2
DA:12,1
DA:13,1
DA:14,1
DA:16,0
DA:20,2
DA:21,0
DA:23,0
DA:26,2
DA:27,0
DA:29,0
DA:30,0
DA:33,2
DA:34,1
DA:35,1
DA:37,1
DA:39,1
DA:42,2
DA:43,0
DA:44,0
DA:46,0
DA:49,2
LF:27
LH:16
BRDA:29,0,0,0
BRDA:29,0,1,0
BRF:2
BRH:0
end_of_record
TN:
SF:services/base-service.js
FN:2,(anonymous_0)
FN:6,(anonymous_1)
FN:10,(anonymous_2)
FN:14,(anonymous_3)
FN:18,(anonymous_4)
FN:22,(anonymous_5)
FN:26,(anonymous_6)
FN:30,(anonymous_7)
FN:34,(anonymous_8)
FNF:9
FNH:3
FNDA:6,(anonymous_0)
FNDA:0,(anonymous_1)
FNDA:0,(anonymous_2)
FNDA:3,(anonymous_3)
FNDA:0,(anonymous_4)
FNDA:0,(anonymous_5)
FNDA:2,(anonymous_6)
FNDA:0,(anonymous_7)
FNDA:0,(anonymous_8)
DA:3,6
DA:7,0
DA:11,0
DA:15,3
DA:19,0
DA:23,0
DA:27,2
DA:31,0
DA:35,0
DA:39,2
LF:10
LH:4
BRF:0
BRH:0
end_of_record
TN:
SF:services/booking-service.js
FN:7,(anonymous_0)
FN:11,(anonymous_1)
FN:15,(anonymous_2)
FNF:3
FNH:1
FNDA:0,(anonymous_0)
FNDA:0,(anonymous_1)
FNDA:1,(anonymous_2)
DA:1,2
DA:2,2
DA:3,2
DA:4,2
DA:8,0
DA:12,0
DA:16,1
DA:17,1
DA:19,1
DA:20,1
DA:22,1
DA:24,1
DA:28,2
LF:13
LH:11
BRF:0
BRH:0
end_of_record
TN:
SF:services/driver-service.js
FN:5,(anonymous_0)
FN:9,(anonymous_1)
FN:13,(anonymous_2)
FNF:3
FNH:0
FNDA:0,(anonymous_0)
FNDA:0,(anonymous_1)
FNDA:0,(anonymous_2)
DA:1,2
DA:2,2
DA:6,0
DA:10,0
DA:14,0
DA:23,2
LF:6
LH:3
BRF:0
BRH:0
end_of_record
TN:
SF:services/index.js
FNF:0
FNH:0
DA:1,2
DA:2,2
DA:3,2
DA:5,2
LF:4
LH:4
BRF:0
BRH:0
end_of_record
TN:
SF:services/passenger-service.js
FN:5,(anonymous_0)
FNF:1
FNH:0
FNDA:0,(anonymous_0)
DA:1,2
DA:2,2
DA:6,0
DA:10,2
LF:4
LH:3
BRF:0
BRH:0
end_of_record
